\BOOKMARK [1][-]{section.1}{Introduzione}{}% 1
\BOOKMARK [2][-]{subsection.1.1}{Motivazioni}{section.1}% 2
\BOOKMARK [2][-]{subsection.1.2}{Obiettivo}{section.1}% 3
\BOOKMARK [2][-]{subsection.1.3}{Organizzazione del lavoro}{section.1}% 4
\BOOKMARK [1][-]{section.2}{Fondamenti teorici}{}% 5
\BOOKMARK [2][-]{subsection.2.1}{Sistemi Critici}{section.2}% 6
\BOOKMARK [3][-]{subsubsection.2.1.1}{Dependability}{subsection.2.1}% 7
\BOOKMARK [3][-]{subsubsection.2.1.2}{Le Minacce: guasti, errori e fallimenti}{subsection.2.1}% 8
\BOOKMARK [3][-]{subsubsection.2.1.3}{Gli attributi della dependability}{subsection.2.1}% 9
\BOOKMARK [3][-]{subsubsection.2.1.4}{I mezzi per ottenere la dependability}{subsection.2.1}% 10
\BOOKMARK [2][-]{subsection.2.2}{Artificial Intelligence}{section.2}% 11
\BOOKMARK [3][-]{subsubsection.2.2.1}{Agente razionale,Misura di prestazione,Ambiente}{subsection.2.2}% 12
\BOOKMARK [3][-]{subsubsection.2.2.2}{Agenti che apprendono}{subsection.2.2}% 13
\BOOKMARK [3][-]{subsubsection.2.2.3}{Neural Network}{subsection.2.2}% 14
\BOOKMARK [3][-]{subsubsection.2.2.4}{Convulutional Neural Network}{subsection.2.2}% 15
\BOOKMARK [2][-]{subsection.2.3}{Autonomous Driving}{section.2}% 16
\BOOKMARK [3][-]{subsubsection.2.3.1}{Livelli di automazione della guida}{subsection.2.3}% 17
\BOOKMARK [3][-]{subsubsection.2.3.2}{Visione artificiale}{subsection.2.3}% 18
\BOOKMARK [3][-]{subsubsection.2.3.3}{Reti neurali applicate all'autonomus driving}{subsection.2.3}% 19
\BOOKMARK [3][-]{subsubsection.2.3.4}{Classificatori}{subsection.2.3}% 20
\BOOKMARK [3][-]{subsubsection.2.3.5}{Object Recognition}{subsection.2.3}% 21
\BOOKMARK [2][-]{subsection.2.4}{CARLA}{section.2}% 22
\BOOKMARK [3][-]{subsubsection.2.4.1}{Sensori}{subsection.2.4}% 23
\BOOKMARK [1][-]{section.3}{Costruzione del dataset}{}% 24
\BOOKMARK [2][-]{subsection.3.1}{Acquisizione}{section.3}% 25
\BOOKMARK [2][-]{subsection.3.2}{Sporcatura}{section.3}% 26
\BOOKMARK [1][-]{section.4}{Costruzione del detector}{}% 27
\BOOKMARK [2][-]{subsection.4.1}{Convulutional network}{section.4}% 28
\BOOKMARK [2][-]{subsection.4.2}{Addestramento del rete convuluzionale}{section.4}% 29
\BOOKMARK [1][-]{section.5}{Esecuzione e risultati}{}% 30
\BOOKMARK [1][-]{section.6}{Conclusioni e lavori futuri}{}% 31
\BOOKMARK [1][-]{section.7}{A Manuale utente}{}% 32
